[0.035s] Invoking command in '/home/marhcouto/Documents/training/build/experiment1': CMAKE_PREFIX_PATH=${CMAKE_PREFIX_PATH}:/opt/ros/galactic /usr/bin/cmake --build /home/marhcouto/Documents/training/build/experiment1 -- -j4 -l4
[0.110s] [ 50%] Built target node1
[0.111s] [ 50%] Built target gtest_main
[0.113s] [ 70%] Built target gtest
[0.130s] [35m[1mScanning dependencies of target experiment1_test[0m
[0.153s] [ 80%] [32mBuilding CXX object CMakeFiles/experiment1_test.dir/test/car_test.cpp.o[0m
[1.376s] [ 90%] [32m[1mLinking CXX executable experiment1_test[0m
[1.600s] [100%] Built target experiment1_test
[1.628s] Invoked command in '/home/marhcouto/Documents/training/build/experiment1' returned '0': CMAKE_PREFIX_PATH=${CMAKE_PREFIX_PATH}:/opt/ros/galactic /usr/bin/cmake --build /home/marhcouto/Documents/training/build/experiment1 -- -j4 -l4
[1.682s] Invoking command in '/home/marhcouto/Documents/training/build/experiment1': CMAKE_PREFIX_PATH=${CMAKE_PREFIX_PATH}:/opt/ros/galactic /usr/bin/cmake --install /home/marhcouto/Documents/training/build/experiment1
[1.693s] -- Install configuration: ""
[1.694s] -- Up-to-date: /home/marhcouto/Documents/training/install/experiment1/lib/experiment1/node1
[1.694s] -- Installing: /home/marhcouto/Documents/training/install/experiment1/lib/experiment1/experiment1_test
[1.699s] -- Up-to-date: /home/marhcouto/Documents/training/install/experiment1/share/ament_index/resource_index/package_run_dependencies/experiment1
[1.704s] -- Up-to-date: /home/marhcouto/Documents/training/install/experiment1/share/ament_index/resource_index/parent_prefix_path/experiment1
[1.705s] -- Up-to-date: /home/marhcouto/Documents/training/install/experiment1/share/experiment1/environment/ament_prefix_path.sh
[1.706s] -- Up-to-date: /home/marhcouto/Documents/training/install/experiment1/share/experiment1/environment/ament_prefix_path.dsv
[1.706s] -- Up-to-date: /home/marhcouto/Documents/training/install/experiment1/share/experiment1/environment/path.sh
[1.707s] -- Up-to-date: /home/marhcouto/Documents/training/install/experiment1/share/experiment1/environment/path.dsv
[1.709s] -- Up-to-date: /home/marhcouto/Documents/training/install/experiment1/share/experiment1/local_setup.bash
[1.709s] -- Up-to-date: /home/marhcouto/Documents/training/install/experiment1/share/experiment1/local_setup.sh
[1.709s] -- Up-to-date: /home/marhcouto/Documents/training/install/experiment1/share/experiment1/local_setup.zsh
[1.710s] -- Up-to-date: /home/marhcouto/Documents/training/install/experiment1/share/experiment1/local_setup.dsv
[1.711s] -- Up-to-date: /home/marhcouto/Documents/training/install/experiment1/share/experiment1/package.dsv
[1.711s] -- Up-to-date: /home/marhcouto/Documents/training/install/experiment1/share/ament_index/resource_index/packages/experiment1
[1.711s] -- Up-to-date: /home/marhcouto/Documents/training/install/experiment1/share/experiment1/cmake/experiment1Config.cmake
[1.711s] -- Up-to-date: /home/marhcouto/Documents/training/install/experiment1/share/experiment1/cmake/experiment1Config-version.cmake
[1.712s] -- Up-to-date: /home/marhcouto/Documents/training/install/experiment1/share/experiment1/package.xml
[1.713s] Invoked command in '/home/marhcouto/Documents/training/build/experiment1' returned '0': CMAKE_PREFIX_PATH=${CMAKE_PREFIX_PATH}:/opt/ros/galactic /usr/bin/cmake --install /home/marhcouto/Documents/training/build/experiment1
