-- Found ament_cmake: 1.1.6 (/opt/ros/galactic/share/ament_cmake/cmake)
-- Using PYTHON_EXECUTABLE: /usr/bin/python3
-- Found ament_lint_auto: 0.10.7 (/opt/ros/galactic/share/ament_lint_auto/cmake)
-- Found ament_cmake_gtest: 1.1.6 (/opt/ros/galactic/share/ament_cmake_gtest/cmake)
-- Found gtest sources under '/opt/ros/galactic/src/gtest_vendor': C++ tests using 'Google Test' will be built
-- Configuring done
-- Generating done
-- Build files have been written to: /home/marhcouto/Documents/training/build/experiment1
[ 20%] Built target gtest_main
[ 40%] Built target gtest
[ 70%] Built target node1
[100%] Built target experiment1_test
-- Install configuration: ""
-- Up-to-date: /home/marhcouto/Documents/training/install/experiment1/lib/experiment1/node1
-- Up-to-date: /home/marhcouto/Documents/training/install/experiment1/lib/experiment1/experiment1_test
-- Up-to-date: /home/marhcouto/Documents/training/install/experiment1/share/ament_index/resource_index/package_run_dependencies/experiment1
-- Up-to-date: /home/marhcouto/Documents/training/install/experiment1/share/ament_index/resource_index/parent_prefix_path/experiment1
-- Up-to-date: /home/marhcouto/Documents/training/install/experiment1/share/experiment1/environment/ament_prefix_path.sh
-- Installing: /home/marhcouto/Documents/training/install/experiment1/share/experiment1/environment/ament_prefix_path.dsv
-- Up-to-date: /home/marhcouto/Documents/training/install/experiment1/share/experiment1/environment/path.sh
-- Installing: /home/marhcouto/Documents/training/install/experiment1/share/experiment1/environment/path.dsv
-- Up-to-date: /home/marhcouto/Documents/training/install/experiment1/share/experiment1/local_setup.bash
-- Up-to-date: /home/marhcouto/Documents/training/install/experiment1/share/experiment1/local_setup.sh
-- Up-to-date: /home/marhcouto/Documents/training/install/experiment1/share/experiment1/local_setup.zsh
-- Installing: /home/marhcouto/Documents/training/install/experiment1/share/experiment1/local_setup.dsv
-- Installing: /home/marhcouto/Documents/training/install/experiment1/share/experiment1/package.dsv
-- Up-to-date: /home/marhcouto/Documents/training/install/experiment1/share/ament_index/resource_index/packages/experiment1
-- Up-to-date: /home/marhcouto/Documents/training/install/experiment1/share/experiment1/cmake/experiment1Config.cmake
-- Up-to-date: /home/marhcouto/Documents/training/install/experiment1/share/experiment1/cmake/experiment1Config-version.cmake
-- Up-to-date: /home/marhcouto/Documents/training/install/experiment1/share/experiment1/package.xml
