[0.055s] Invoking command in '/home/marhcouto/Documents/training/build/experiment1': CMAKE_PREFIX_PATH=/opt/ros/galactic /usr/bin/cmake --build /home/marhcouto/Documents/training/build/experiment1 -- -j4 -l4
[0.085s] -- Found ament_cmake: 1.1.6 (/opt/ros/galactic/share/ament_cmake/cmake)
[0.116s] -- Using PYTHON_EXECUTABLE: /usr/bin/python3
[0.215s] -- Found ament_lint_auto: 0.10.7 (/opt/ros/galactic/share/ament_lint_auto/cmake)
[0.294s] -- Added test 'copyright' to check source files copyright and LICENSE
[0.296s] -- Added test 'cppcheck' to perform static code analysis on C / C++ code
[0.297s] -- Configured cppcheck include dirs: $<BUILD_INTERFACE:/home/marhcouto/Documents/training/experiment1/include>
[0.297s] -- Configured cppcheck exclude dirs and/or files: 
[0.297s] -- Added test 'cpplint' to check C / C++ code against the Google style
[0.297s] -- Configured cpplint exclude dirs and/or files: 
[0.298s] -- Added test 'lint_cmake' to check CMake code style
[0.299s] -- Added test 'uncrustify' to check C / C++ code style
[0.300s] -- Configured uncrustify additional arguments: 
[0.300s] -- Added test 'xmllint' to check XML markup files
[0.301s] -- Configuring done
[0.310s] -- Generating done
[0.312s] -- Build files have been written to: /home/marhcouto/Documents/training/build/experiment1
[0.344s] [35m[1mScanning dependencies of target node1[0m
[0.359s] [ 33%] [32mBuilding CXX object CMakeFiles/node1.dir/src/Car.cpp.o[0m
[0.856s] [ 66%] [32m[1mLinking CXX executable node1[0m
[1.011s] [100%] Built target node1
[1.035s] Invoked command in '/home/marhcouto/Documents/training/build/experiment1' returned '0': CMAKE_PREFIX_PATH=/opt/ros/galactic /usr/bin/cmake --build /home/marhcouto/Documents/training/build/experiment1 -- -j4 -l4
[1.085s] Invoking command in '/home/marhcouto/Documents/training/build/experiment1': CMAKE_PREFIX_PATH=/opt/ros/galactic /usr/bin/cmake --install /home/marhcouto/Documents/training/build/experiment1
[1.101s] -- Install configuration: ""
[1.101s] -- Installing: /home/marhcouto/Documents/training/install/experiment1/lib/experiment1/node1
[1.102s] -- Up-to-date: /home/marhcouto/Documents/training/install/experiment1/share/ament_index/resource_index/package_run_dependencies/experiment1
[1.102s] -- Up-to-date: /home/marhcouto/Documents/training/install/experiment1/share/ament_index/resource_index/parent_prefix_path/experiment1
[1.102s] -- Up-to-date: /home/marhcouto/Documents/training/install/experiment1/share/experiment1/environment/ament_prefix_path.sh
[1.103s] -- Installing: /home/marhcouto/Documents/training/install/experiment1/share/experiment1/environment/ament_prefix_path.dsv
[1.103s] -- Up-to-date: /home/marhcouto/Documents/training/install/experiment1/share/experiment1/environment/path.sh
[1.104s] -- Installing: /home/marhcouto/Documents/training/install/experiment1/share/experiment1/environment/path.dsv
[1.104s] -- Up-to-date: /home/marhcouto/Documents/training/install/experiment1/share/experiment1/local_setup.bash
[1.104s] -- Up-to-date: /home/marhcouto/Documents/training/install/experiment1/share/experiment1/local_setup.sh
[1.104s] -- Up-to-date: /home/marhcouto/Documents/training/install/experiment1/share/experiment1/local_setup.zsh
[1.105s] -- Installing: /home/marhcouto/Documents/training/install/experiment1/share/experiment1/local_setup.dsv
[1.105s] -- Installing: /home/marhcouto/Documents/training/install/experiment1/share/experiment1/package.dsv
[1.105s] -- Up-to-date: /home/marhcouto/Documents/training/install/experiment1/share/ament_index/resource_index/packages/experiment1
[1.106s] -- Up-to-date: /home/marhcouto/Documents/training/install/experiment1/share/experiment1/cmake/experiment1Config.cmake
[1.106s] -- Up-to-date: /home/marhcouto/Documents/training/install/experiment1/share/experiment1/cmake/experiment1Config-version.cmake
[1.106s] -- Up-to-date: /home/marhcouto/Documents/training/install/experiment1/share/experiment1/package.xml
[1.110s] Invoked command in '/home/marhcouto/Documents/training/build/experiment1' returned '0': CMAKE_PREFIX_PATH=/opt/ros/galactic /usr/bin/cmake --install /home/marhcouto/Documents/training/build/experiment1
