Performing C SOURCE FILE Test CMAKE_HAVE_LIBC_PTHREAD failed with the following output:
Change Dir: /home/marhcouto/Documents/training/build/experiment1/CMakeFiles/CMakeTmp

Run Build Command(s):/usr/bin/make cmTC_336d1/fast && make[1]: Entering directory '/home/marhcouto/Documents/training/build/experiment1/CMakeFiles/CMakeTmp'
/usr/bin/make -f CMakeFiles/cmTC_336d1.dir/build.make CMakeFiles/cmTC_336d1.dir/build
make[2]: Entering directory '/home/marhcouto/Documents/training/build/experiment1/CMakeFiles/CMakeTmp'
Building C object CMakeFiles/cmTC_336d1.dir/src.c.o
/usr/bin/cc   -DCMAKE_HAVE_LIBC_PTHREAD   -o CMakeFiles/cmTC_336d1.dir/src.c.o   -c /home/marhcouto/Documents/training/build/experiment1/CMakeFiles/CMakeTmp/src.c
Linking C executable cmTC_336d1
/usr/bin/cmake -E cmake_link_script CMakeFiles/cmTC_336d1.dir/link.txt --verbose=1
/usr/bin/cc  -DCMAKE_HAVE_LIBC_PTHREAD    CMakeFiles/cmTC_336d1.dir/src.c.o  -o cmTC_336d1 
/usr/bin/ld: CMakeFiles/cmTC_336d1.dir/src.c.o: in function `main':
src.c:(.text+0x46): undefined reference to `pthread_create'
/usr/bin/ld: src.c:(.text+0x52): undefined reference to `pthread_detach'
/usr/bin/ld: src.c:(.text+0x63): undefined reference to `pthread_join'
collect2: error: ld returned 1 exit status
make[2]: *** [CMakeFiles/cmTC_336d1.dir/build.make:87: cmTC_336d1] Error 1
make[2]: Leaving directory '/home/marhcouto/Documents/training/build/experiment1/CMakeFiles/CMakeTmp'
make[1]: *** [Makefile:121: cmTC_336d1/fast] Error 2
make[1]: Leaving directory '/home/marhcouto/Documents/training/build/experiment1/CMakeFiles/CMakeTmp'


Source file was:
#include <pthread.h>

void* test_func(void* data)
{
  return data;
}

int main(void)
{
  pthread_t thread;
  pthread_create(&thread, NULL, test_func, NULL);
  pthread_detach(thread);
  pthread_join(thread, NULL);
  pthread_atfork(NULL, NULL, NULL);
  pthread_exit(NULL);

  return 0;
}

