[ 20%] Built target gtest
[ 40%] Built target gtest_main
[ 70%] Built target node1
[35m[1mScanning dependencies of target experiment1_test[0m
[ 80%] [32mBuilding CXX object CMakeFiles/experiment1_test.dir/test/car_test.cpp.o[0m
[ 90%] [32m[1mLinking CXX executable experiment1_test[0m
[100%] Built target experiment1_test
-- Install configuration: ""
-- Up-to-date: /home/marhcouto/Documents/training/install/experiment1/lib/experiment1/node1
-- Installing: /home/marhcouto/Documents/training/install/experiment1/lib/experiment1/experiment1_test
-- Up-to-date: /home/marhcouto/Documents/training/install/experiment1/share/ament_index/resource_index/package_run_dependencies/experiment1
-- Up-to-date: /home/marhcouto/Documents/training/install/experiment1/share/ament_index/resource_index/parent_prefix_path/experiment1
-- Up-to-date: /home/marhcouto/Documents/training/install/experiment1/share/experiment1/environment/ament_prefix_path.sh
-- Up-to-date: /home/marhcouto/Documents/training/install/experiment1/share/experiment1/environment/ament_prefix_path.dsv
-- Up-to-date: /home/marhcouto/Documents/training/install/experiment1/share/experiment1/environment/path.sh
-- Up-to-date: /home/marhcouto/Documents/training/install/experiment1/share/experiment1/environment/path.dsv
-- Up-to-date: /home/marhcouto/Documents/training/install/experiment1/share/experiment1/local_setup.bash
-- Up-to-date: /home/marhcouto/Documents/training/install/experiment1/share/experiment1/local_setup.sh
-- Up-to-date: /home/marhcouto/Documents/training/install/experiment1/share/experiment1/local_setup.zsh
-- Up-to-date: /home/marhcouto/Documents/training/install/experiment1/share/experiment1/local_setup.dsv
-- Installing: /home/marhcouto/Documents/training/install/experiment1/share/experiment1/package.dsv
-- Up-to-date: /home/marhcouto/Documents/training/install/experiment1/share/ament_index/resource_index/packages/experiment1
-- Up-to-date: /home/marhcouto/Documents/training/install/experiment1/share/experiment1/cmake/experiment1Config.cmake
-- Up-to-date: /home/marhcouto/Documents/training/install/experiment1/share/experiment1/cmake/experiment1Config-version.cmake
-- Up-to-date: /home/marhcouto/Documents/training/install/experiment1/share/experiment1/package.xml
