[0.236s] DEBUG:colcon:Command line arguments: ['/usr/bin/colcon', 'build']
[0.236s] DEBUG:colcon:Parsed command line arguments: Namespace(allow_overriding=[], ament_cmake_args=None, base_paths=['.'], build_base='build', catkin_cmake_args=None, catkin_skip_building_tests=False, cmake_args=None, cmake_clean_cache=False, cmake_clean_first=False, cmake_force_configure=False, cmake_target=None, cmake_target_skip_unavailable=False, continue_on_error=False, event_handlers=None, executor='parallel', ignore_user_meta=False, install_base='install', log_base=None, log_level=None, main=<bound method BuildVerb.main of <colcon_core.verb.build.BuildVerb object at 0x7f0c9f1676a0>>, merge_install=False, metas=['./colcon.meta'], packages_above=None, packages_above_and_dependencies=None, packages_above_depth=None, packages_end=None, packages_ignore=None, packages_ignore_regex=None, packages_select=None, packages_select_build_failed=False, packages_select_by_dep=None, packages_select_regex=None, packages_select_test_failures=False, packages_skip=None, packages_skip_build_finished=False, packages_skip_by_dep=None, packages_skip_regex=None, packages_skip_test_passed=False, packages_skip_up_to=None, packages_start=None, packages_up_to=None, packages_up_to_regex=None, parallel_workers=4, paths=None, symlink_install=False, test_result_base=None, verb_extension=<colcon_core.verb.build.BuildVerb object at 0x7f0c9f1676a0>, verb_name='build', verb_parser=<colcon_defaults.argument_parser.defaults.DefaultArgumentsDecorator object at 0x7f0c9f167be0>)
[0.281s] Level 1:colcon.colcon_core.package_discovery:discover_packages(colcon_meta) check parameters
[0.282s] Level 1:colcon.colcon_core.package_discovery:discover_packages(recursive) check parameters
[0.282s] Level 1:colcon.colcon_core.package_discovery:discover_packages(ignore) check parameters
[0.282s] Level 1:colcon.colcon_core.package_discovery:discover_packages(path) check parameters
[0.282s] Level 1:colcon.colcon_core.package_discovery:discover_packages(colcon_meta) discover
[0.282s] Level 1:colcon.colcon_core.package_discovery:discover_packages(recursive) discover
[0.282s] INFO:colcon.colcon_core.package_discovery:Crawling recursively for packages in '/home/marhcouto/Documents/training'
[0.283s] Level 1:colcon.colcon_core.package_identification:_identify(.) by extensions ['ignore', 'ignore_ament_install']
[0.283s] Level 1:colcon.colcon_core.package_identification:_identify(.) by extension 'ignore'
[0.283s] Level 1:colcon.colcon_core.package_identification:_identify(.) by extension 'ignore_ament_install'
[0.283s] Level 1:colcon.colcon_core.package_identification:_identify(.) by extensions ['colcon_pkg']
[0.283s] Level 1:colcon.colcon_core.package_identification:_identify(.) by extension 'colcon_pkg'
[0.283s] Level 1:colcon.colcon_core.package_identification:_identify(.) by extensions ['colcon_meta']
[0.283s] Level 1:colcon.colcon_core.package_identification:_identify(.) by extension 'colcon_meta'
[0.284s] Level 1:colcon.colcon_core.package_identification:_identify(.) by extensions ['ros']
[0.284s] Level 1:colcon.colcon_core.package_identification:_identify(.) by extension 'ros'
[0.303s] Level 1:colcon.colcon_core.package_identification:_identify(.) by extensions ['cmake', 'python']
[0.303s] Level 1:colcon.colcon_core.package_identification:_identify(.) by extension 'cmake'
[0.303s] Level 1:colcon.colcon_core.package_identification:_identify(.) by extension 'python'
[0.303s] Level 1:colcon.colcon_core.package_identification:_identify(.) by extensions ['python_setup_py']
[0.303s] Level 1:colcon.colcon_core.package_identification:_identify(.) by extension 'python_setup_py'
[0.304s] Level 1:colcon.colcon_core.package_identification:_identify(build) by extensions ['ignore', 'ignore_ament_install']
[0.304s] Level 1:colcon.colcon_core.package_identification:_identify(build) by extension 'ignore'
[0.304s] Level 1:colcon.colcon_core.package_identification:_identify(build) ignored
[0.304s] Level 1:colcon.colcon_core.package_identification:_identify(experiment1) by extensions ['ignore', 'ignore_ament_install']
[0.304s] Level 1:colcon.colcon_core.package_identification:_identify(experiment1) by extension 'ignore'
[0.304s] Level 1:colcon.colcon_core.package_identification:_identify(experiment1) by extension 'ignore_ament_install'
[0.304s] Level 1:colcon.colcon_core.package_identification:_identify(experiment1) by extensions ['colcon_pkg']
[0.305s] Level 1:colcon.colcon_core.package_identification:_identify(experiment1) by extension 'colcon_pkg'
[0.305s] Level 1:colcon.colcon_core.package_identification:_identify(experiment1) by extensions ['colcon_meta']
[0.305s] Level 1:colcon.colcon_core.package_identification:_identify(experiment1) by extension 'colcon_meta'
[0.305s] Level 1:colcon.colcon_core.package_identification:_identify(experiment1) by extensions ['ros']
[0.305s] Level 1:colcon.colcon_core.package_identification:_identify(experiment1) by extension 'ros'
[0.309s] DEBUG:colcon.colcon_core.package_identification:Package 'experiment1' with type 'ros.ament_cmake' and name 'experiment1'
[0.309s] Level 1:colcon.colcon_core.package_identification:_identify(install) by extensions ['ignore', 'ignore_ament_install']
[0.310s] Level 1:colcon.colcon_core.package_identification:_identify(install) by extension 'ignore'
[0.310s] Level 1:colcon.colcon_core.package_identification:_identify(install) ignored
[0.310s] Level 1:colcon.colcon_core.package_identification:_identify(log) by extensions ['ignore', 'ignore_ament_install']
[0.310s] Level 1:colcon.colcon_core.package_identification:_identify(log) by extension 'ignore'
[0.310s] Level 1:colcon.colcon_core.package_identification:_identify(log) ignored
[0.310s] Level 1:colcon.colcon_core.package_discovery:discover_packages(recursive) using defaults
[0.310s] Level 1:colcon.colcon_core.package_discovery:discover_packages(ignore) discover
[0.311s] Level 1:colcon.colcon_core.package_discovery:discover_packages(ignore) using defaults
[0.311s] Level 1:colcon.colcon_core.package_discovery:discover_packages(path) discover
[0.311s] Level 1:colcon.colcon_core.package_discovery:discover_packages(path) using defaults
[0.366s] Level 1:colcon.colcon_core.package_discovery:discover_packages(prefix_path) check parameters
[0.366s] Level 1:colcon.colcon_core.package_discovery:discover_packages(prefix_path) discover
[0.373s] DEBUG:colcon.colcon_installed_package_information.package_discovery:Found 1 installed packages in /home/marhcouto/Documents/training/install
[0.376s] DEBUG:colcon.colcon_installed_package_information.package_discovery:Found 277 installed packages in /opt/ros/galactic
[0.380s] Level 1:colcon.colcon_core.package_discovery:discover_packages(prefix_path) using defaults
[0.515s] Level 5:colcon.colcon_core.verb:set package 'experiment1' build argument 'cmake_args' from command line to 'None'
[0.515s] Level 5:colcon.colcon_core.verb:set package 'experiment1' build argument 'cmake_target' from command line to 'None'
[0.516s] Level 5:colcon.colcon_core.verb:set package 'experiment1' build argument 'cmake_target_skip_unavailable' from command line to 'False'
[0.516s] Level 5:colcon.colcon_core.verb:set package 'experiment1' build argument 'cmake_clean_cache' from command line to 'False'
[0.516s] Level 5:colcon.colcon_core.verb:set package 'experiment1' build argument 'cmake_clean_first' from command line to 'False'
[0.516s] Level 5:colcon.colcon_core.verb:set package 'experiment1' build argument 'cmake_force_configure' from command line to 'False'
[0.516s] Level 5:colcon.colcon_core.verb:set package 'experiment1' build argument 'ament_cmake_args' from command line to 'None'
[0.516s] Level 5:colcon.colcon_core.verb:set package 'experiment1' build argument 'catkin_cmake_args' from command line to 'None'
[0.516s] Level 5:colcon.colcon_core.verb:set package 'experiment1' build argument 'catkin_skip_building_tests' from command line to 'False'
[0.516s] DEBUG:colcon.colcon_core.verb:Building package 'experiment1' with the following arguments: {'ament_cmake_args': None, 'build_base': '/home/marhcouto/Documents/training/build/experiment1', 'catkin_cmake_args': None, 'catkin_skip_building_tests': False, 'cmake_args': None, 'cmake_clean_cache': False, 'cmake_clean_first': False, 'cmake_force_configure': False, 'cmake_target': None, 'cmake_target_skip_unavailable': False, 'install_base': '/home/marhcouto/Documents/training/install/experiment1', 'merge_install': False, 'path': '/home/marhcouto/Documents/training/experiment1', 'symlink_install': False, 'test_result_base': None}
[0.517s] INFO:colcon.colcon_core.executor:Executing jobs using 'parallel' executor
[0.522s] DEBUG:colcon.colcon_parallel_executor.executor.parallel:run_until_complete
[0.523s] INFO:colcon.colcon_ros.task.ament_cmake.build:Building ROS package in '/home/marhcouto/Documents/training/experiment1' with build type 'ament_cmake'
[0.523s] INFO:colcon.colcon_cmake.task.cmake.build:Building CMake package in '/home/marhcouto/Documents/training/experiment1'
[0.534s] INFO:colcon.colcon_core.plugin_system:Skipping extension 'colcon_core.shell.bat': Not used on non-Windows systems
[0.535s] INFO:colcon.colcon_core.shell:Skip shell extension 'powershell' for command environment: Not usable outside of PowerShell
[0.535s] DEBUG:colcon.colcon_core.shell:Skip shell extension 'dsv' for command environment
[0.562s] DEBUG:colcon.colcon_core.event_handler.log_command:Invoking command in '/home/marhcouto/Documents/training/build/experiment1': CMAKE_PREFIX_PATH=${CMAKE_PREFIX_PATH}:/opt/ros/galactic /usr/bin/cmake --build /home/marhcouto/Documents/training/build/experiment1 -- -j4 -l4
[8.561s] DEBUG:colcon.colcon_core.event_handler.log_command:Invoked command in '/home/marhcouto/Documents/training/build/experiment1' returned '0': CMAKE_PREFIX_PATH=${CMAKE_PREFIX_PATH}:/opt/ros/galactic /usr/bin/cmake --build /home/marhcouto/Documents/training/build/experiment1 -- -j4 -l4
[8.623s] DEBUG:colcon.colcon_core.event_handler.log_command:Invoking command in '/home/marhcouto/Documents/training/build/experiment1': CMAKE_PREFIX_PATH=${CMAKE_PREFIX_PATH}:/opt/ros/galactic /usr/bin/cmake --install /home/marhcouto/Documents/training/build/experiment1
[8.647s] Level 1:colcon.colcon_core.environment:create_environment_scripts_only(experiment1)
[8.651s] DEBUG:colcon.colcon_core.event_handler.log_command:Invoked command in '/home/marhcouto/Documents/training/build/experiment1' returned '0': CMAKE_PREFIX_PATH=${CMAKE_PREFIX_PATH}:/opt/ros/galactic /usr/bin/cmake --install /home/marhcouto/Documents/training/build/experiment1
[8.661s] Level 1:colcon.colcon_core.environment:checking '/home/marhcouto/Documents/training/install/experiment1' for CMake module files
[8.662s] Level 1:colcon.colcon_core.environment:checking '/home/marhcouto/Documents/training/install/experiment1' for CMake config files
[8.662s] Level 1:colcon.colcon_core.shell:create_environment_hook('experiment1', 'cmake_prefix_path')
[8.665s] INFO:colcon.colcon_core.shell:Creating environment hook '/home/marhcouto/Documents/training/install/experiment1/share/experiment1/hook/cmake_prefix_path.ps1'
[8.666s] INFO:colcon.colcon_core.shell:Creating environment descriptor '/home/marhcouto/Documents/training/install/experiment1/share/experiment1/hook/cmake_prefix_path.dsv'
[8.667s] INFO:colcon.colcon_core.shell:Creating environment hook '/home/marhcouto/Documents/training/install/experiment1/share/experiment1/hook/cmake_prefix_path.sh'
[8.670s] Level 1:colcon.colcon_core.environment:checking '/home/marhcouto/Documents/training/install/experiment1/lib'
[8.670s] Level 1:colcon.colcon_core.environment:checking '/home/marhcouto/Documents/training/install/experiment1/bin'
[8.670s] Level 1:colcon.colcon_core.environment:checking '/home/marhcouto/Documents/training/install/experiment1/lib/pkgconfig/experiment1.pc'
[8.671s] Level 1:colcon.colcon_core.environment:checking '/home/marhcouto/Documents/training/install/experiment1/lib/python3.8/site-packages'
[8.671s] Level 1:colcon.colcon_core.environment:checking '/home/marhcouto/Documents/training/install/experiment1/bin'
[8.674s] INFO:colcon.colcon_core.shell:Creating package script '/home/marhcouto/Documents/training/install/experiment1/share/experiment1/package.ps1'
[8.675s] INFO:colcon.colcon_core.shell:Creating package descriptor '/home/marhcouto/Documents/training/install/experiment1/share/experiment1/package.dsv'
[8.676s] INFO:colcon.colcon_core.shell:Creating package script '/home/marhcouto/Documents/training/install/experiment1/share/experiment1/package.sh'
[8.677s] INFO:colcon.colcon_core.shell:Creating package script '/home/marhcouto/Documents/training/install/experiment1/share/experiment1/package.bash'
[8.679s] INFO:colcon.colcon_core.shell:Creating package script '/home/marhcouto/Documents/training/install/experiment1/share/experiment1/package.zsh'
[8.681s] Level 1:colcon.colcon_core.environment:create_file_with_runtime_dependencies(/home/marhcouto/Documents/training/install/experiment1/share/colcon-core/packages/experiment1)
[8.731s] Level 1:colcon.colcon_core.environment:create_environment_scripts_only(experiment1)
[8.734s] Level 1:colcon.colcon_core.environment:checking '/home/marhcouto/Documents/training/install/experiment1' for CMake module files
[8.735s] Level 1:colcon.colcon_core.environment:checking '/home/marhcouto/Documents/training/install/experiment1' for CMake config files
[8.736s] Level 1:colcon.colcon_core.shell:create_environment_hook('experiment1', 'cmake_prefix_path')
[8.737s] INFO:colcon.colcon_core.shell:Creating environment hook '/home/marhcouto/Documents/training/install/experiment1/share/experiment1/hook/cmake_prefix_path.ps1'
[8.739s] INFO:colcon.colcon_core.shell:Creating environment descriptor '/home/marhcouto/Documents/training/install/experiment1/share/experiment1/hook/cmake_prefix_path.dsv'
[8.740s] INFO:colcon.colcon_core.shell:Creating environment hook '/home/marhcouto/Documents/training/install/experiment1/share/experiment1/hook/cmake_prefix_path.sh'
[8.741s] Level 1:colcon.colcon_core.environment:checking '/home/marhcouto/Documents/training/install/experiment1/lib'
[8.742s] Level 1:colcon.colcon_core.environment:checking '/home/marhcouto/Documents/training/install/experiment1/bin'
[8.742s] Level 1:colcon.colcon_core.environment:checking '/home/marhcouto/Documents/training/install/experiment1/lib/pkgconfig/experiment1.pc'
[8.742s] Level 1:colcon.colcon_core.environment:checking '/home/marhcouto/Documents/training/install/experiment1/lib/python3.8/site-packages'
[8.743s] Level 1:colcon.colcon_core.environment:checking '/home/marhcouto/Documents/training/install/experiment1/bin'
[8.745s] INFO:colcon.colcon_core.shell:Creating package script '/home/marhcouto/Documents/training/install/experiment1/share/experiment1/package.ps1'
[8.746s] INFO:colcon.colcon_core.shell:Creating package descriptor '/home/marhcouto/Documents/training/install/experiment1/share/experiment1/package.dsv'
[8.747s] INFO:colcon.colcon_core.shell:Creating package script '/home/marhcouto/Documents/training/install/experiment1/share/experiment1/package.sh'
[8.749s] INFO:colcon.colcon_core.shell:Creating package script '/home/marhcouto/Documents/training/install/experiment1/share/experiment1/package.bash'
[8.750s] INFO:colcon.colcon_core.shell:Creating package script '/home/marhcouto/Documents/training/install/experiment1/share/experiment1/package.zsh'
[8.751s] Level 1:colcon.colcon_core.environment:create_file_with_runtime_dependencies(/home/marhcouto/Documents/training/install/experiment1/share/colcon-core/packages/experiment1)
[8.751s] DEBUG:colcon.colcon_parallel_executor.executor.parallel:closing loop
[8.752s] DEBUG:colcon.colcon_parallel_executor.executor.parallel:loop closed
[8.752s] DEBUG:colcon.colcon_parallel_executor.executor.parallel:run_until_complete finished with '0'
[8.753s] DEBUG:colcon.colcon_core.event_reactor:joining thread
[8.766s] INFO:colcon.colcon_core.plugin_system:Skipping extension 'colcon_notification.desktop_notification.terminal_notifier': Not used on non-Darwin systems
[8.767s] INFO:colcon.colcon_core.plugin_system:Skipping extension 'colcon_notification.desktop_notification.win32': Not used on non-Windows systems
[8.767s] INFO:colcon.colcon_notification.desktop_notification:Sending desktop notification using 'notify2'
[8.809s] DEBUG:colcon.colcon_core.event_reactor:joined thread
[8.811s] INFO:colcon.colcon_core.shell:Creating prefix script '/home/marhcouto/Documents/training/install/local_setup.ps1'
[8.813s] INFO:colcon.colcon_core.shell:Creating prefix util module '/home/marhcouto/Documents/training/install/_local_setup_util_ps1.py'
[8.816s] INFO:colcon.colcon_core.shell:Creating prefix chain script '/home/marhcouto/Documents/training/install/setup.ps1'
[8.819s] INFO:colcon.colcon_core.shell:Creating prefix script '/home/marhcouto/Documents/training/install/local_setup.sh'
[8.820s] INFO:colcon.colcon_core.shell:Creating prefix util module '/home/marhcouto/Documents/training/install/_local_setup_util_sh.py'
[8.821s] INFO:colcon.colcon_core.shell:Creating prefix chain script '/home/marhcouto/Documents/training/install/setup.sh'
[8.824s] INFO:colcon.colcon_core.shell:Creating prefix script '/home/marhcouto/Documents/training/install/local_setup.bash'
[8.826s] INFO:colcon.colcon_core.shell:Creating prefix chain script '/home/marhcouto/Documents/training/install/setup.bash'
[8.828s] INFO:colcon.colcon_core.shell:Creating prefix script '/home/marhcouto/Documents/training/install/local_setup.zsh'
[8.829s] INFO:colcon.colcon_core.shell:Creating prefix chain script '/home/marhcouto/Documents/training/install/setup.zsh'
