[0.035s] Invoking command in '/home/marhcouto/Documents/training/build/experiment1': CMAKE_PREFIX_PATH=${CMAKE_PREFIX_PATH}:/opt/ros/galactic /usr/bin/cmake --build /home/marhcouto/Documents/training/build/experiment1 -- -j4 -l4
[0.070s] -- Found ament_cmake: 1.1.6 (/opt/ros/galactic/share/ament_cmake/cmake)
[0.101s] -- Using PYTHON_EXECUTABLE: /usr/bin/python3
[0.202s] -- Found ament_lint_auto: 0.10.7 (/opt/ros/galactic/share/ament_lint_auto/cmake)
[0.203s] -- Found ament_cmake_gtest: 1.1.6 (/opt/ros/galactic/share/ament_cmake_gtest/cmake)
[0.211s] -- Found gtest sources under '/opt/ros/galactic/src/gtest_vendor': C++ tests using 'Google Test' will be built
[0.217s] -- Looking for pthread.h
[0.319s] -- Looking for pthread.h - found
[0.320s] -- Performing Test CMAKE_HAVE_LIBC_PTHREAD
[0.502s] -- Performing Test CMAKE_HAVE_LIBC_PTHREAD - Failed
[0.502s] -- Check if compiler accepts -pthread
[0.658s] -- Check if compiler accepts -pthread - yes
[0.660s] -- Found Threads: TRUE  
[0.779s] -- Added test 'copyright' to check source files copyright and LICENSE
[0.779s] -- Added test 'cppcheck' to perform static code analysis on C / C++ code
[0.779s] -- Configured cppcheck include dirs: $<BUILD_INTERFACE:/home/marhcouto/Documents/training/experiment1/include>
[0.780s] -- Configured cppcheck exclude dirs and/or files: 
[0.780s] -- Added test 'cpplint' to check C / C++ code against the Google style
[0.780s] -- Configured cpplint exclude dirs and/or files: 
[0.781s] -- Added test 'lint_cmake' to check CMake code style
[0.782s] -- Added test 'uncrustify' to check C / C++ code style
[0.782s] -- Configured uncrustify additional arguments: 
[0.783s] -- Added test 'xmllint' to check XML markup files
[0.786s] -- Configuring done
[0.802s] -- Generating done
[0.806s] -- Build files have been written to: /home/marhcouto/Documents/training/build/experiment1
[0.858s] [35m[1mScanning dependencies of target gtest_main[0m
[0.865s] [35m[1mScanning dependencies of target gtest[0m
[0.879s] [ 30%] Built target node1
[0.912s] [ 40%] [32mBuilding CXX object gtest/CMakeFiles/gtest_main.dir/src/gtest_main.cc.o[0m
[0.960s] [ 50%] [32mBuilding CXX object gtest/CMakeFiles/gtest.dir/src/gtest-all.cc.o[0m
[2.440s] [ 60%] [32m[1mLinking CXX static library libgtest_main.a[0m
[2.507s] [ 60%] Built target gtest_main
[6.419s] [ 70%] [32m[1mLinking CXX static library libgtest.a[0m
[6.503s] [ 70%] Built target gtest
[6.518s] [35m[1mScanning dependencies of target experiment1_test[0m
[6.538s] [ 90%] [32mBuilding CXX object CMakeFiles/experiment1_test.dir/test/car_test.cpp.o[0m
[6.538s] [ 90%] [32mBuilding CXX object CMakeFiles/experiment1_test.dir/test/main.cpp.o[0m
[7.777s] [100%] [32m[1mLinking CXX executable experiment1_test[0m
[8.017s] [100%] Built target experiment1_test
[8.034s] Invoked command in '/home/marhcouto/Documents/training/build/experiment1' returned '0': CMAKE_PREFIX_PATH=${CMAKE_PREFIX_PATH}:/opt/ros/galactic /usr/bin/cmake --build /home/marhcouto/Documents/training/build/experiment1 -- -j4 -l4
[8.096s] Invoking command in '/home/marhcouto/Documents/training/build/experiment1': CMAKE_PREFIX_PATH=${CMAKE_PREFIX_PATH}:/opt/ros/galactic /usr/bin/cmake --install /home/marhcouto/Documents/training/build/experiment1
[8.111s] -- Install configuration: ""
[8.112s] -- Up-to-date: /home/marhcouto/Documents/training/install/experiment1/lib/experiment1/node1
[8.112s] -- Installing: /home/marhcouto/Documents/training/install/experiment1/lib/experiment1/experiment1_test
[8.114s] -- Up-to-date: /home/marhcouto/Documents/training/install/experiment1/share/ament_index/resource_index/package_run_dependencies/experiment1
[8.115s] -- Up-to-date: /home/marhcouto/Documents/training/install/experiment1/share/ament_index/resource_index/parent_prefix_path/experiment1
[8.115s] -- Up-to-date: /home/marhcouto/Documents/training/install/experiment1/share/experiment1/environment/ament_prefix_path.sh
[8.116s] -- Installing: /home/marhcouto/Documents/training/install/experiment1/share/experiment1/environment/ament_prefix_path.dsv
[8.116s] -- Up-to-date: /home/marhcouto/Documents/training/install/experiment1/share/experiment1/environment/path.sh
[8.116s] -- Installing: /home/marhcouto/Documents/training/install/experiment1/share/experiment1/environment/path.dsv
[8.117s] -- Up-to-date: /home/marhcouto/Documents/training/install/experiment1/share/experiment1/local_setup.bash
[8.117s] -- Up-to-date: /home/marhcouto/Documents/training/install/experiment1/share/experiment1/local_setup.sh
[8.117s] -- Up-to-date: /home/marhcouto/Documents/training/install/experiment1/share/experiment1/local_setup.zsh
[8.117s] -- Installing: /home/marhcouto/Documents/training/install/experiment1/share/experiment1/local_setup.dsv
[8.118s] -- Installing: /home/marhcouto/Documents/training/install/experiment1/share/experiment1/package.dsv
[8.118s] -- Up-to-date: /home/marhcouto/Documents/training/install/experiment1/share/ament_index/resource_index/packages/experiment1
[8.118s] -- Up-to-date: /home/marhcouto/Documents/training/install/experiment1/share/experiment1/cmake/experiment1Config.cmake
[8.118s] -- Up-to-date: /home/marhcouto/Documents/training/install/experiment1/share/experiment1/cmake/experiment1Config-version.cmake
[8.118s] -- Up-to-date: /home/marhcouto/Documents/training/install/experiment1/share/experiment1/package.xml
[8.125s] Invoked command in '/home/marhcouto/Documents/training/build/experiment1' returned '0': CMAKE_PREFIX_PATH=${CMAKE_PREFIX_PATH}:/opt/ros/galactic /usr/bin/cmake --install /home/marhcouto/Documents/training/build/experiment1
