[0.035s] Invoking command in '/home/marhcouto/Documents/training/build/experiment1': CMAKE_PREFIX_PATH=/opt/ros/galactic /usr/bin/cmake --build /home/marhcouto/Documents/training/build/experiment1 -- -j4 -l4
[0.084s] -- Found ament_cmake: 1.1.6 (/opt/ros/galactic/share/ament_cmake/cmake)
[0.093s] -- Using PYTHON_EXECUTABLE: /usr/bin/python3
[0.214s] -- Found ament_lint_auto: 0.10.7 (/opt/ros/galactic/share/ament_lint_auto/cmake)
[0.318s] -- Added test 'copyright' to check source files copyright and LICENSE
[0.320s] -- Added test 'cppcheck' to perform static code analysis on C / C++ code
[0.321s] -- Configured cppcheck include dirs: $<BUILD_INTERFACE:/home/marhcouto/Documents/training/experiment1/include>
[0.321s] -- Configured cppcheck exclude dirs and/or files: 
[0.323s] -- Added test 'cpplint' to check C / C++ code against the Google style
[0.323s] -- Configured cpplint exclude dirs and/or files: 
[0.324s] -- Added test 'lint_cmake' to check CMake code style
[0.326s] -- Added test 'uncrustify' to check C / C++ code style
[0.326s] -- Configured uncrustify additional arguments: 
[0.327s] -- Added test 'xmllint' to check XML markup files
[0.330s] -- Configuring done
[0.331s] CMake Error at CMakeLists.txt:17 (add_library):
[0.331s]   Cannot find source file:
[0.332s] 
[0.332s]     src/*.cpp
[0.332s] 
[0.332s]   Tried extensions .c .C .c++ .cc .cpp .cxx .cu .m .M .mm .h .hh .h++ .hm
[0.332s]   .hpp .hxx .in .txx
[0.333s] 
[0.333s] 
[0.333s] CMake Error at CMakeLists.txt:17 (add_library):
[0.333s]   No SOURCES given to target: experiment1
[0.333s] 
[0.333s] 
[0.334s] CMake Generate step failed.  Build files cannot be regenerated correctly.
[0.334s] make: *** [Makefile:266: cmake_check_build_system] Error 1
[0.337s] Invoked command in '/home/marhcouto/Documents/training/build/experiment1' returned '2': CMAKE_PREFIX_PATH=/opt/ros/galactic /usr/bin/cmake --build /home/marhcouto/Documents/training/build/experiment1 -- -j4 -l4
